Traceback (most recent call last):
  File "/home/bcaffo/miniconda3/envs/ds4bio/lib/python3.9/site-packages/jupyter_cache/executors/utils.py", line 51, in single_nb_execution
    executenb(
  File "/home/bcaffo/miniconda3/envs/ds4bio/lib/python3.9/site-packages/nbclient/client.py", line 1117, in execute
    return NotebookClient(nb=nb, resources=resources, km=km, **kwargs).execute()
  File "/home/bcaffo/miniconda3/envs/ds4bio/lib/python3.9/site-packages/nbclient/util.py", line 78, in wrapped
    return just_run(coro(*args, **kwargs))
  File "/home/bcaffo/miniconda3/envs/ds4bio/lib/python3.9/site-packages/nbclient/util.py", line 57, in just_run
    return loop.run_until_complete(coro)
  File "/home/bcaffo/miniconda3/envs/ds4bio/lib/python3.9/asyncio/base_events.py", line 642, in run_until_complete
    return future.result()
  File "/home/bcaffo/miniconda3/envs/ds4bio/lib/python3.9/site-packages/nbclient/client.py", line 558, in async_execute
    await self.async_execute_cell(
  File "/home/bcaffo/miniconda3/envs/ds4bio/lib/python3.9/site-packages/nbclient/client.py", line 862, in async_execute_cell
    self._check_raise_for_error(cell, exec_reply)
  File "/home/bcaffo/miniconda3/envs/ds4bio/lib/python3.9/site-packages/nbclient/client.py", line 765, in _check_raise_for_error
    raise CellExecutionError.from_cell_and_msg(cell, exec_reply_content)
nbclient.exceptions.CellExecutionError: An error occurred while executing the following cell:
------------------
x = input("are you mean (y/n)? > ")
if x == 'y': 
 print("Slytherine!")
else:
 print("Gryffindor")
------------------

[0;31m---------------------------------------------------------------------------[0m
[0;31mStdinNotImplementedError[0m                  Traceback (most recent call last)
[0;32m/tmp/ipykernel_11270/3221753463.py[0m in [0;36m<module>[0;34m[0m
[0;32m----> 1[0;31m [0mx[0m [0;34m=[0m [0minput[0m[0;34m([0m[0;34m"are you mean (y/n)? > "[0m[0;34m)[0m[0;34m[0m[0;34m[0m[0m
[0m[1;32m      2[0m [0;32mif[0m [0mx[0m [0;34m==[0m [0;34m'y'[0m[0;34m:[0m[0;34m[0m[0;34m[0m[0m
[1;32m      3[0m  [0mprint[0m[0;34m([0m[0;34m"Slytherine!"[0m[0;34m)[0m[0;34m[0m[0;34m[0m[0m
[1;32m      4[0m [0;32melse[0m[0;34m:[0m[0;34m[0m[0;34m[0m[0m
[1;32m      5[0m  [0mprint[0m[0;34m([0m[0;34m"Gryffindor"[0m[0;34m)[0m[0;34m[0m[0;34m[0m[0m

[0;32m~/miniconda3/envs/ds4bio/lib/python3.9/site-packages/ipykernel/kernelbase.py[0m in [0;36mraw_input[0;34m(self, prompt)[0m
[1;32m   1001[0m         """
[1;32m   1002[0m         [0;32mif[0m [0;32mnot[0m [0mself[0m[0;34m.[0m[0m_allow_stdin[0m[0;34m:[0m[0;34m[0m[0;34m[0m[0m
[0;32m-> 1003[0;31m             raise StdinNotImplementedError(
[0m[1;32m   1004[0m                 [0;34m"raw_input was called, but this frontend does not support input requests."[0m[0;34m[0m[0;34m[0m[0m
[1;32m   1005[0m             )

[0;31mStdinNotImplementedError[0m: raw_input was called, but this frontend does not support input requests.
StdinNotImplementedError: raw_input was called, but this frontend does not support input requests.

